<?xml version="1.0" encoding="UTF-8"?>
<!-- Generated by org.testng.reporters.JUnitReportReporter -->
<testsuite skipped="0" hostname="JAVED" name="ClickAcademyPackage.CallerClass" tests="3" failures="0" timestamp="2019-11-02T12:25:00 EDT" time="30.575" errors="0">
  <testcase name="TestCase2" time="2.575" classname="ClickAcademyPackage.CallerClass"/>
  <testcase name="TestCase3" time="9.948" classname="ClickAcademyPackage.CallerClass"/>
  <testcase name="TestCase1" time="18.052" classname="ClickAcademyPackage.CallerClass"/>
</testsuite> <!-- ClickAcademyPackage.CallerClass -->
